*** Using Compiler 'V5.05 update 1 (build 106)', folder: 'D:\Software\Keil v5\ARM\ARMCC\Bin'
Build target 'Target 1'
compiling Esp8266.c...
Hardware\Esp8266.c(18): warning:  #223-D: function "Serial_ReceiveString" declared implicitly
  		OK_OR_flag = Serial_ReceiveString(Receive_String);  
Hardware\Esp8266.c(38): warning:  #223-D: function "Serial_ReceiveString" declared implicitly
  		OK_OR_flag = Serial_ReceiveString(Receive_String);  
Hardware\Esp8266.c(52): warning:  #192-D: unrecognized character escape sequence
  	sprintf(command, "AT+MQTTUSERCFG=0,1,\"NULL\",\"%s\"\,\"%s\"\,0,0,\"\"\r\n",username,passwd);
Hardware\Esp8266.c(52): warning:  #192-D: unrecognized character escape sequence
  	sprintf(command, "AT+MQTTUSERCFG=0,1,\"NULL\",\"%s\"\,\"%s\"\,0,0,\"\"\r\n",username,passwd);
Hardware\Esp8266.c(57): warning:  #223-D: function "Serial_ReceiveString" declared implicitly
  		OK_OR_flag = Serial_ReceiveString(Receive_String);  
Hardware\Esp8266.c(76): warning:  #223-D: function "Serial_ReceiveString" declared implicitly
  		OK_OR_flag = Serial_ReceiveString(Receive_String);  
Hardware\Esp8266.c(96): warning:  #223-D: function "Serial_ReceiveString" declared implicitly
  		OK_OR_flag = Serial_ReceiveString(Receive_String);  
Hardware\Esp8266.c: 7 warnings, 0 errors
compiling main.c...
User\main.c(11): warning:  #223-D: function "Serial_Init" declared implicitly
  	Serial_Init();
User\main.c: 1 warning, 0 errors
linking...
.\Objects\Project.axf: Error: L6218E: Undefined symbol ESP8266_Send (referred from esp8266.o).
Not enough information to list image symbols.
Finished: 1 information, 0 warning and 1 error messages.
".\Objects\Project.axf" - 1 Error(s), 8 Warning(s).
Target not created.
Build Time Elapsed:  00:00:03
